<?xml version="1.0" encoding="UTF-8"?>
<testng-results ignored="0" total="15" passed="15" failed="0" skipped="0">
  <reporter-output>
  </reporter-output>
  <suite started-at="2024-11-26T22:13:40 EST" name="flightReservation" finished-at="2024-11-26T22:14:08 EST" duration-ms="28124">
    <groups>
    </groups>
    <test started-at="2024-11-26T22:13:40 EST" name="passenger-count-3" finished-at="2024-11-26T22:13:52 EST" duration-ms="12289">
      <class name="flightReservationTest.flightReservationTest">
        <test-method is-config="true" signature="setupConfig()[pri:0, instance:flightReservationTest.flightReservationTest@928763c]" started-at="2024-11-26T22:13:40 EST" name="setupConfig" finished-at="2024-11-26T22:13:40 EST" duration-ms="18" status="PASS">
          <reporter-output>
          </reporter-output>
        </test-method> <!-- setupConfig -->
        <test-method is-config="true" signature="setDriver()[pri:0, instance:flightReservationTest.flightReservationTest@928763c]" started-at="2024-11-26T22:13:40 EST" name="setDriver" finished-at="2024-11-26T22:13:43 EST" duration-ms="3494" status="PASS">
          <reporter-output>
          </reporter-output>
        </test-method> <!-- setDriver -->
        <test-method is-config="true" signature="setParameters(java.lang.String)[pri:0, instance:flightReservationTest.flightReservationTest@928763c]" started-at="2024-11-26T22:13:43 EST" name="setParameters" finished-at="2024-11-26T22:13:44 EST" depends-on-methods="abstractTest.AbstractTest.setDriver" duration-ms="406" status="PASS">
          <params>
            <param index="0">
              <value>
                <![CDATA[resources/testData/flightTestData/passenger-3.json]]>
              </value>
            </param>
          </params>
          <reporter-output>
          </reporter-output>
        </test-method> <!-- setParameters -->
        <test-method signature="userRegistrationTest()[pri:0, instance:flightReservationTest.flightReservationTest@928763c]" started-at="2024-11-26T22:13:44 EST" name="userRegistrationTest" finished-at="2024-11-26T22:13:46 EST" duration-ms="1927" status="PASS">
          <reporter-output>
          </reporter-output>
        </test-method> <!-- userRegistrationTest -->
        <test-method signature="registrationConfirmationTest()[pri:0, instance:flightReservationTest.flightReservationTest@928763c]" started-at="2024-11-26T22:13:46 EST" name="registrationConfirmationTest" finished-at="2024-11-26T22:13:47 EST" depends-on-methods="flightReservationTest.flightReservationTest.userRegistrationTest" duration-ms="922" status="PASS">
          <reporter-output>
          </reporter-output>
        </test-method> <!-- registrationConfirmationTest -->
        <test-method signature="flightSearchTest()[pri:0, instance:flightReservationTest.flightReservationTest@928763c]" started-at="2024-11-26T22:13:47 EST" name="flightSearchTest" finished-at="2024-11-26T22:13:48 EST" depends-on-methods="flightReservationTest.flightReservationTest.registrationConfirmationTest" duration-ms="1761" status="PASS">
          <reporter-output>
          </reporter-output>
        </test-method> <!-- flightSearchTest -->
        <test-method signature="flightSelectTest()[pri:0, instance:flightReservationTest.flightReservationTest@928763c]" started-at="2024-11-26T22:13:48 EST" name="flightSelectTest" finished-at="2024-11-26T22:13:51 EST" depends-on-methods="flightReservationTest.flightReservationTest.flightSearchTest" duration-ms="2775" status="PASS">
          <reporter-output>
          </reporter-output>
        </test-method> <!-- flightSelectTest -->
        <test-method signature="reserveConfTest()[pri:0, instance:flightReservationTest.flightReservationTest@928763c]" started-at="2024-11-26T22:13:51 EST" name="reserveConfTest" finished-at="2024-11-26T22:13:52 EST" depends-on-methods="flightReservationTest.flightReservationTest.flightSelectTest" duration-ms="795" status="PASS">
          <reporter-output>
          </reporter-output>
        </test-method> <!-- reserveConfTest -->
        <test-method is-config="true" signature="TearDown()[pri:0, instance:flightReservationTest.flightReservationTest@928763c]" started-at="2024-11-26T22:13:52 EST" name="TearDown" finished-at="2024-11-26T22:13:52 EST" duration-ms="155" status="PASS">
          <reporter-output>
          </reporter-output>
        </test-method> <!-- TearDown -->
        <test-method is-config="true" signature="quitDriver()[pri:0, instance:flightReservationTest.flightReservationTest@928763c]" started-at="2024-11-26T22:13:52 EST" name="quitDriver" finished-at="2024-11-26T22:13:52 EST" depends-on-methods="flightReservationTest.flightReservationTest.TearDown" duration-ms="0" status="PASS">
          <reporter-output>
          </reporter-output>
        </test-method> <!-- quitDriver -->
      </class> <!-- flightReservationTest.flightReservationTest -->
    </test> <!-- passenger-count-3 -->
    <test started-at="2024-11-26T22:13:40 EST" name="passenger-count-2" finished-at="2024-11-26T22:14:00 EST" duration-ms="20539">
      <class name="flightReservationTest.flightReservationTest">
        <test-method is-config="true" signature="setDriver()[pri:0, instance:flightReservationTest.flightReservationTest@6f8e8894]" started-at="2024-11-26T22:13:40 EST" name="setDriver" finished-at="2024-11-26T22:13:53 EST" duration-ms="12868" status="PASS">
          <reporter-output>
          </reporter-output>
        </test-method> <!-- setDriver -->
        <test-method is-config="true" signature="setParameters(java.lang.String)[pri:0, instance:flightReservationTest.flightReservationTest@6f8e8894]" started-at="2024-11-26T22:13:53 EST" name="setParameters" finished-at="2024-11-26T22:13:53 EST" depends-on-methods="abstractTest.AbstractTest.setDriver" duration-ms="20" status="PASS">
          <params>
            <param index="0">
              <value>
                <![CDATA[resources/testData/flightTestData/passenger-2.json]]>
              </value>
            </param>
          </params>
          <reporter-output>
          </reporter-output>
        </test-method> <!-- setParameters -->
        <test-method signature="userRegistrationTest()[pri:0, instance:flightReservationTest.flightReservationTest@6f8e8894]" started-at="2024-11-26T22:13:53 EST" name="userRegistrationTest" finished-at="2024-11-26T22:13:54 EST" duration-ms="1552" status="PASS">
          <reporter-output>
          </reporter-output>
        </test-method> <!-- userRegistrationTest -->
        <test-method signature="registrationConfirmationTest()[pri:0, instance:flightReservationTest.flightReservationTest@6f8e8894]" started-at="2024-11-26T22:13:54 EST" name="registrationConfirmationTest" finished-at="2024-11-26T22:13:57 EST" depends-on-methods="flightReservationTest.flightReservationTest.userRegistrationTest" duration-ms="2519" status="PASS">
          <reporter-output>
          </reporter-output>
        </test-method> <!-- registrationConfirmationTest -->
        <test-method signature="flightSearchTest()[pri:0, instance:flightReservationTest.flightReservationTest@6f8e8894]" started-at="2024-11-26T22:13:57 EST" name="flightSearchTest" finished-at="2024-11-26T22:13:59 EST" depends-on-methods="flightReservationTest.flightReservationTest.registrationConfirmationTest" duration-ms="1677" status="PASS">
          <reporter-output>
          </reporter-output>
        </test-method> <!-- flightSearchTest -->
        <test-method signature="flightSelectTest()[pri:0, instance:flightReservationTest.flightReservationTest@6f8e8894]" started-at="2024-11-26T22:13:59 EST" name="flightSelectTest" finished-at="2024-11-26T22:14:00 EST" depends-on-methods="flightReservationTest.flightReservationTest.flightSearchTest" duration-ms="1034" status="PASS">
          <reporter-output>
          </reporter-output>
        </test-method> <!-- flightSelectTest -->
        <test-method signature="reserveConfTest()[pri:0, instance:flightReservationTest.flightReservationTest@6f8e8894]" started-at="2024-11-26T22:14:00 EST" name="reserveConfTest" finished-at="2024-11-26T22:14:00 EST" depends-on-methods="flightReservationTest.flightReservationTest.flightSelectTest" duration-ms="753" status="PASS">
          <reporter-output>
          </reporter-output>
        </test-method> <!-- reserveConfTest -->
        <test-method is-config="true" signature="TearDown()[pri:0, instance:flightReservationTest.flightReservationTest@6f8e8894]" started-at="2024-11-26T22:14:00 EST" name="TearDown" finished-at="2024-11-26T22:14:00 EST" duration-ms="92" status="PASS">
          <reporter-output>
          </reporter-output>
        </test-method> <!-- TearDown -->
        <test-method is-config="true" signature="quitDriver()[pri:0, instance:flightReservationTest.flightReservationTest@6f8e8894]" started-at="2024-11-26T22:14:00 EST" name="quitDriver" finished-at="2024-11-26T22:14:00 EST" depends-on-methods="flightReservationTest.flightReservationTest.TearDown" duration-ms="1" status="PASS">
          <reporter-output>
          </reporter-output>
        </test-method> <!-- quitDriver -->
      </class> <!-- flightReservationTest.flightReservationTest -->
    </test> <!-- passenger-count-2 -->
    <test started-at="2024-11-26T22:13:40 EST" name="passenger-count-1" finished-at="2024-11-26T22:14:08 EST" duration-ms="28124">
      <class name="flightReservationTest.flightReservationTest">
        <test-method is-config="true" signature="setDriver()[pri:0, instance:flightReservationTest.flightReservationTest@18317edc]" started-at="2024-11-26T22:13:40 EST" name="setDriver" finished-at="2024-11-26T22:14:01 EST" duration-ms="21055" status="PASS">
          <reporter-output>
          </reporter-output>
        </test-method> <!-- setDriver -->
        <test-method is-config="true" signature="setParameters(java.lang.String)[pri:0, instance:flightReservationTest.flightReservationTest@18317edc]" started-at="2024-11-26T22:14:01 EST" name="setParameters" finished-at="2024-11-26T22:14:01 EST" depends-on-methods="abstractTest.AbstractTest.setDriver" duration-ms="11" status="PASS">
          <params>
            <param index="0">
              <value>
                <![CDATA[resources/testData/flightTestData/passenger-1.json]]>
              </value>
            </param>
          </params>
          <reporter-output>
          </reporter-output>
        </test-method> <!-- setParameters -->
        <test-method signature="userRegistrationTest()[pri:0, instance:flightReservationTest.flightReservationTest@18317edc]" started-at="2024-11-26T22:14:01 EST" name="userRegistrationTest" finished-at="2024-11-26T22:14:03 EST" duration-ms="1692" status="PASS">
          <reporter-output>
          </reporter-output>
        </test-method> <!-- userRegistrationTest -->
        <test-method signature="registrationConfirmationTest()[pri:0, instance:flightReservationTest.flightReservationTest@18317edc]" started-at="2024-11-26T22:14:03 EST" name="registrationConfirmationTest" finished-at="2024-11-26T22:14:05 EST" depends-on-methods="flightReservationTest.flightReservationTest.userRegistrationTest" duration-ms="1942" status="PASS">
          <reporter-output>
          </reporter-output>
        </test-method> <!-- registrationConfirmationTest -->
        <test-method signature="flightSearchTest()[pri:0, instance:flightReservationTest.flightReservationTest@18317edc]" started-at="2024-11-26T22:14:05 EST" name="flightSearchTest" finished-at="2024-11-26T22:14:06 EST" depends-on-methods="flightReservationTest.flightReservationTest.registrationConfirmationTest" duration-ms="1000" status="PASS">
          <reporter-output>
          </reporter-output>
        </test-method> <!-- flightSearchTest -->
        <test-method signature="flightSelectTest()[pri:0, instance:flightReservationTest.flightReservationTest@18317edc]" started-at="2024-11-26T22:14:06 EST" name="flightSelectTest" finished-at="2024-11-26T22:14:07 EST" depends-on-methods="flightReservationTest.flightReservationTest.flightSearchTest" duration-ms="1558" status="PASS">
          <reporter-output>
          </reporter-output>
        </test-method> <!-- flightSelectTest -->
        <test-method signature="reserveConfTest()[pri:0, instance:flightReservationTest.flightReservationTest@18317edc]" started-at="2024-11-26T22:14:07 EST" name="reserveConfTest" finished-at="2024-11-26T22:14:08 EST" depends-on-methods="flightReservationTest.flightReservationTest.flightSelectTest" duration-ms="755" status="PASS">
          <reporter-output>
          </reporter-output>
        </test-method> <!-- reserveConfTest -->
        <test-method is-config="true" signature="TearDown()[pri:0, instance:flightReservationTest.flightReservationTest@18317edc]" started-at="2024-11-26T22:14:08 EST" name="TearDown" finished-at="2024-11-26T22:14:08 EST" duration-ms="91" status="PASS">
          <reporter-output>
          </reporter-output>
        </test-method> <!-- TearDown -->
        <test-method is-config="true" signature="quitDriver()[pri:0, instance:flightReservationTest.flightReservationTest@18317edc]" started-at="2024-11-26T22:14:08 EST" name="quitDriver" finished-at="2024-11-26T22:14:08 EST" depends-on-methods="flightReservationTest.flightReservationTest.TearDown" duration-ms="0" status="PASS">
          <reporter-output>
          </reporter-output>
        </test-method> <!-- quitDriver -->
      </class> <!-- flightReservationTest.flightReservationTest -->
    </test> <!-- passenger-count-1 -->
  </suite> <!-- flightReservation -->
</testng-results>
