<?xml version="1.0" encoding="UTF-8"?>
<!-- Generated by org.testng.reporters.JUnitXMLReporter -->
<testsuite ignored="0" hostname="Maniraaj" failures="0" tests="3" name="john-user" time="4.266" errors="0" timestamp="2024-11-23T20:54:28 EST">
  <testcase classname="vendorAppTest.vendorAppTest" name="loginTest" time="0.738"/>
  <testcase classname="vendorAppTest.vendorAppTest" name="dashboardTest" time="1.353"/>
  <testcase classname="vendorAppTest.vendorAppTest" name="logoutTest" time="1.016"/>
</testsuite> <!-- john-user -->
