<?xml version="1.0" encoding="UTF-8"?>
<!-- Generated by org.testng.reporters.JUnitXMLReporter -->
<testsuite ignored="0" hostname="Maniraaj" failures="0" tests="3" name="mike-user" time="5.236" errors="0" timestamp="2024-11-23T20:54:33 EST">
  <testcase classname="vendorAppTest.vendorAppTest" name="loginTest" time="0.762"/>
  <testcase classname="vendorAppTest.vendorAppTest" name="dashboardTest" time="1.885"/>
  <testcase classname="vendorAppTest.vendorAppTest" name="logoutTest" time="1.48"/>
</testsuite> <!-- mike-user -->
