<?xml version="1.0" encoding="UTF-8"?>
<!-- Generated by org.testng.reporters.JUnitXMLReporter -->
<testsuite ignored="0" hostname="Maniraaj" failures="0" tests="3" name="sam-user" time="7.46" errors="0" timestamp="2024-11-23T20:54:24 EST">
  <testcase classname="vendorAppTest.vendorAppTest" name="loginTest" time="0.867"/>
  <testcase classname="vendorAppTest.vendorAppTest" name="dashboardTest" time="2.646"/>
  <testcase classname="vendorAppTest.vendorAppTest" name="logoutTest" time="1.475"/>
</testsuite> <!-- sam-user -->
