<?xml version="1.0" encoding="UTF-8"?>
<!-- Generated by org.testng.reporters.JUnitXMLReporter -->
<testsuite ignored="0" hostname="Maniraaj" failures="0" tests="5" name="passenger-count-1" time="18.338" errors="0" timestamp="2024-11-26T19:49:39 EST">
  <testcase classname="flightReservationTest.flightReservationTest" name="userRegistrationTest" time="3.062"/>
  <testcase classname="flightReservationTest.flightReservationTest" name="registrationConfirmationTest" time="0.924"/>
  <testcase classname="flightReservationTest.flightReservationTest" name="flightSearchTest" time="1.061"/>
  <testcase classname="flightReservationTest.flightReservationTest" name="flightSelectTest" time="3.075"/>
  <testcase classname="flightReservationTest.flightReservationTest" name="reserveConfTest" time="1.608"/>
</testsuite> <!-- passenger-count-1 -->
