<?xml version="1.0" encoding="UTF-8"?>
<!-- Generated by org.testng.reporters.JUnitXMLReporter -->
<testsuite ignored="0" hostname="Maniraaj" failures="0" tests="5" name="passenger-count-3" time="12.289" errors="0" timestamp="2024-11-26T22:13:52 EST">
  <testcase classname="flightReservationTest.flightReservationTest" name="userRegistrationTest" time="1.927"/>
  <testcase classname="flightReservationTest.flightReservationTest" name="registrationConfirmationTest" time="0.922"/>
  <testcase classname="flightReservationTest.flightReservationTest" name="flightSearchTest" time="1.761"/>
  <testcase classname="flightReservationTest.flightReservationTest" name="flightSelectTest" time="2.775"/>
  <testcase classname="flightReservationTest.flightReservationTest" name="reserveConfTest" time="0.795"/>
</testsuite> <!-- passenger-count-3 -->
