<?xml version="1.0" encoding="UTF-8"?>
<!-- Generated by org.testng.reporters.JUnitXMLReporter -->
<testsuite ignored="0" hostname="Maniraaj" failures="0" tests="5" name="passenger-count-2" time="19.997" errors="0" timestamp="2024-11-26T19:49:41 EST">
  <testcase classname="flightReservationTest.flightReservationTest" name="userRegistrationTest" time="3.485"/>
  <testcase classname="flightReservationTest.flightReservationTest" name="registrationConfirmationTest" time="1.475"/>
  <testcase classname="flightReservationTest.flightReservationTest" name="flightSearchTest" time="1.137"/>
  <testcase classname="flightReservationTest.flightReservationTest" name="flightSelectTest" time="3.021"/>
  <testcase classname="flightReservationTest.flightReservationTest" name="reserveConfTest" time="2.359"/>
</testsuite> <!-- passenger-count-2 -->
